2023-10-23 16:15:50 INFO     core.bot Booting up...
2023-10-23 16:15:56 INFO     core.bot Logged in as Krypton#6947
2023-10-23 16:17:00 INFO     core.bot Shutting down...
2023-10-23 16:17:06 INFO     core.bot Booting up...
2023-10-23 16:17:12 INFO     core.bot Logged in as Krypton#6947
2023-10-23 16:59:03 INFO     core.bot Shutting down...
2023-10-23 17:00:28 INFO     core.bot Booting up...
2023-10-23 17:00:30 INFO     core.bot Loaded extension: developer
2023-10-23 17:00:30 INFO     core.bot Loaded extension: events
2023-10-23 17:00:34 INFO     core.bot Logged in as Krypton#6947
2023-10-23 17:04:01 INFO     core.bot Shutting down...
2023-10-23 17:04:07 INFO     core.bot Booting up...
2023-10-23 17:04:09 ERROR    core.bot Failed to load extension developer: Extension 'cogs.developer' raised an error: ImportError: cannot import name 'Bot' from 'core' (D:\himangshu\Projects\Krypton-Rewrite\core\__init__.py)
2023-10-23 17:04:09 ERROR    core.bot Failed to load extension events: Extension 'cogs.events' has no 'setup' function.
2023-10-23 17:04:14 INFO     core.bot Logged in as Krypton#6947
2023-10-23 17:04:36 INFO     core.bot Shutting down...
2023-10-23 17:04:41 INFO     core.bot Booting up...
2023-10-23 17:04:42 INFO     core.bot Loaded extension: developer
2023-10-23 17:04:42 ERROR    core.bot Failed to load extension events: Extension 'cogs.events' has no 'setup' function.
2023-10-23 17:04:47 INFO     core.bot Logged in as Krypton#6947
2023-10-23 17:11:47 INFO     core.bot Shutting down...
2023-10-23 17:11:51 INFO     core.bot Booting up...
2023-10-23 17:11:53 INFO     core.bot Loaded extension: developer
2023-10-23 17:11:53 ERROR    core.bot Failed to load extension events: Extension 'cogs.events' has no 'setup' function.
2023-10-23 17:11:58 INFO     core.bot Logged in as Krypton#6947
2023-10-23 17:13:53 INFO     core.bot Shutting down...
2023-10-23 17:13:58 INFO     core.bot Booting up...
2023-10-23 17:14:00 INFO     core.bot Loaded extension: developer
2023-10-23 17:14:00 ERROR    core.bot Failed to load extension eventsmeta: Extension 'cogs.eventsmeta' could not be loaded.
2023-10-23 17:14:04 INFO     core.bot Logged in as Krypton#6947
2023-10-23 17:14:13 INFO     core.bot Shutting down...
2023-10-23 17:14:19 INFO     core.bot Booting up...
2023-10-23 17:14:21 INFO     core.bot Loaded extension: developer
2023-10-23 17:14:21 ERROR    core.bot Failed to load extension events: Extension 'cogs.events' has no 'setup' function.
2023-10-23 17:14:21 ERROR    core.bot Failed to load extension meta: Extension 'cogs.meta' has no 'setup' function.
2023-10-23 17:14:25 INFO     core.bot Logged in as Krypton#6947
2023-10-23 17:15:38 INFO     core.bot Shutting down...
2023-10-23 17:15:44 INFO     core.bot Booting up...
2023-10-23 17:15:46 INFO     core.bot Loaded extension: developer
2023-10-23 17:15:46 ERROR    core.bot Failed to load extension events: Extension 'cogs.events' has no 'setup' function.
2023-10-23 17:15:46 INFO     core.bot Loaded extension: meta
2023-10-23 17:15:51 INFO     core.bot Logged in as Krypton#6947
2023-10-23 17:21:03 INFO     core.bot Shutting down...
2023-10-23 17:21:07 INFO     core.bot Booting up...
2023-10-23 17:21:09 INFO     core.bot Loaded extension: developer
2023-10-23 17:21:09 ERROR    core.bot Failed to load extension events: Extension 'cogs.events' has no 'setup' function.
2023-10-23 17:21:09 ERROR    core.bot Failed to load extension meta: Extension 'cogs.meta' raised an error: TypeError: unsupported types given inside typing.Union[discord.ext.commands.core.Command, discord.ext.commands.cog.Cog, NoneType]
2023-10-23 17:21:13 INFO     core.bot Logged in as Krypton#6947
2023-10-23 17:21:54 INFO     core.bot Shutting down...
2023-10-23 17:22:01 INFO     core.bot Booting up...
2023-10-23 17:22:02 INFO     core.bot Loaded extension: developer
2023-10-23 17:22:02 ERROR    core.bot Failed to load extension events: Extension 'cogs.events' has no 'setup' function.
2023-10-23 17:22:02 ERROR    core.bot Failed to load extension meta: Extension 'cogs.meta' raised an error: TypeError: unsupported types given inside typing.Union[type, discord.ext.commands.cog.CogMeta, str, NoneType]
2023-10-23 17:22:07 INFO     core.bot Logged in as Krypton#6947
2023-10-23 17:22:24 INFO     core.bot Shutting down...
2023-10-23 17:22:32 INFO     core.bot Booting up...
2023-10-23 17:22:33 INFO     core.bot Loaded extension: developer
2023-10-23 17:22:33 ERROR    core.bot Failed to load extension events: Extension 'cogs.events' has no 'setup' function.
2023-10-23 17:22:33 ERROR    core.bot Failed to load extension meta: Extension 'cogs.meta' raised an error: CommandRegistrationError: The command help is already an existing command or alias.
2023-10-23 17:22:38 INFO     core.bot Logged in as Krypton#6947
2023-10-23 17:23:13 INFO     core.bot Shutting down...
2023-10-23 17:23:19 INFO     core.bot Booting up...
2023-10-23 17:23:20 INFO     core.bot Loaded extension: developer
2023-10-23 17:23:20 ERROR    core.bot Failed to load extension events: Extension 'cogs.events' has no 'setup' function.
2023-10-23 17:23:21 ERROR    core.bot Failed to load extension meta: Extension 'cogs.meta' raised an error: TypeError: help_command must be a subclass of HelpCommand
2023-10-23 17:23:25 INFO     core.bot Logged in as Krypton#6947
2023-10-23 17:23:28 INFO     core.bot Shutting down...
2023-10-23 17:23:44 INFO     core.bot Booting up...
2023-10-23 17:23:46 INFO     core.bot Loaded extension: developer
2023-10-23 17:23:46 ERROR    core.bot Failed to load extension events: Extension 'cogs.events' has no 'setup' function.
2023-10-23 17:23:46 ERROR    core.bot Failed to load extension meta: Extension 'cogs.meta' raised an error: AttributeError: 'NoneType' object has no attribute 'cog'
2023-10-23 17:23:51 INFO     core.bot Logged in as Krypton#6947
2023-10-23 17:24:17 INFO     core.bot Shutting down...
2023-10-23 17:24:22 INFO     core.bot Booting up...
2023-10-23 17:24:24 INFO     core.bot Loaded extension: developer
2023-10-23 17:24:24 ERROR    core.bot Failed to load extension events: Extension 'cogs.events' has no 'setup' function.
2023-10-23 17:24:24 INFO     core.bot Loaded extension: meta
2023-10-23 17:24:29 INFO     core.bot Logged in as Krypton#6947
2023-10-23 17:27:17 INFO     core.bot Shutting down...
2023-10-23 17:27:22 INFO     core.bot Booting up...
2023-10-23 17:27:23 INFO     core.bot Loaded extension: developer
2023-10-23 17:27:23 ERROR    core.bot Failed to load extension events: Extension 'cogs.events' has no 'setup' function.
2023-10-23 17:27:23 INFO     core.bot Loaded extension: meta
2023-10-23 17:27:28 INFO     core.bot Logged in as Krypton#6947
2023-10-23 17:29:40 INFO     core.bot Shutting down...
2023-10-23 17:30:03 INFO     core.bot Booting up...
2023-10-23 17:30:05 INFO     core.bot Loaded extension: developer
2023-10-23 17:30:05 ERROR    core.bot Failed to load extension events: Extension 'cogs.events' has no 'setup' function.
2023-10-23 17:30:06 INFO     core.bot Loaded extension: meta
2023-10-23 17:30:11 INFO     core.bot Logged in as Krypton#6947
2023-10-23 17:39:22 INFO     core.bot Shutting down...
2023-10-23 17:39:29 INFO     core.bot Booting up...
2023-10-23 17:39:31 INFO     core.bot Loaded extension: developer
2023-10-23 17:39:31 ERROR    core.bot Failed to load extension events: Extension 'cogs.events' has no 'setup' function.
2023-10-23 17:39:31 INFO     core.bot Loaded extension: meta
2023-10-23 17:39:35 INFO     core.bot Logged in as Krypton#6947
2023-10-23 17:50:22 INFO     core.bot Shutting down...
2023-10-23 17:50:27 INFO     core.bot Booting up...
2023-10-23 17:50:28 INFO     core.bot Loaded extension: developer
2023-10-23 17:50:28 ERROR    core.bot Failed to load extension events: Extension 'cogs.events' has no 'setup' function.
2023-10-23 17:50:29 INFO     core.bot Loaded extension: meta
2023-10-23 17:50:34 INFO     core.bot Logged in as Krypton#6947
2023-10-23 17:52:10 INFO     core.bot Shutting down...
2023-10-23 17:52:16 INFO     core.bot Booting up...
2023-10-23 17:52:17 INFO     core.bot Loaded extension: developer
2023-10-23 17:52:17 ERROR    core.bot Failed to load extension events: Extension 'cogs.events' has no 'setup' function.
2023-10-23 17:52:17 INFO     core.bot Loaded extension: meta
2023-10-23 17:52:22 INFO     core.bot Logged in as Krypton#6947
2023-10-23 18:34:52 INFO     core.bot Shutting down...
2023-10-23 18:34:57 INFO     core.bot Booting up...
2023-10-23 18:34:59 INFO     core.bot Loaded extension: developer
2023-10-23 18:34:59 ERROR    core.bot Failed to load extension events: Extension 'cogs.events' has no 'setup' function.
2023-10-23 18:34:59 INFO     core.bot Loaded extension: meta
2023-10-23 18:35:04 INFO     core.bot Logged in as Krypton#6947
2023-10-23 18:39:00 INFO     core.bot Shutting down...
2023-10-23 18:39:06 INFO     core.bot Booting up...
2023-10-23 18:39:07 INFO     core.bot Loaded extension: developer
2023-10-23 18:39:07 ERROR    core.bot Failed to load extension events: Extension 'cogs.events' has no 'setup' function.
2023-10-23 18:39:07 ERROR    core.bot Failed to load extension meta: Extension 'cogs.meta' raised an error: SyntaxError: from __future__ imports must occur at the beginning of the file (meta.py, line 8)
2023-10-23 18:39:11 INFO     core.bot Logged in as Krypton#6947
2023-10-23 18:39:48 INFO     core.bot Shutting down...
2023-10-23 18:39:53 INFO     core.bot Booting up...
2023-10-23 18:39:55 INFO     core.bot Loaded extension: developer
2023-10-23 18:39:55 ERROR    core.bot Failed to load extension events: Extension 'cogs.events' has no 'setup' function.
2023-10-23 18:39:55 ERROR    core.bot Failed to load extension meta: Extension 'cogs.meta' raised an error: NameError: name 'GuildContext' is not defined
2023-10-23 18:40:00 INFO     core.bot Logged in as Krypton#6947
2023-10-23 18:47:14 INFO     core.bot Shutting down...
2023-10-23 18:47:18 INFO     core.bot Booting up...
2023-10-23 18:47:20 INFO     core.bot Loaded extension: developer
2023-10-23 18:47:20 ERROR    core.bot Failed to load extension events: Extension 'cogs.events' has no 'setup' function.
2023-10-23 18:47:20 INFO     core.bot Loaded extension: meta
2023-10-23 18:47:24 INFO     core.bot Logged in as Krypton#6947
2023-10-23 18:48:20 INFO     core.bot Shutting down...
2023-10-23 18:48:28 INFO     core.bot Booting up...
2023-10-23 18:48:29 INFO     core.bot Loaded extension: developer
2023-10-23 18:48:30 ERROR    core.bot Failed to load extension events: Extension 'cogs.events' has no 'setup' function.
2023-10-23 18:48:31 INFO     core.bot Loaded extension: meta
2023-10-23 18:48:36 INFO     core.bot Logged in as Krypton#6947
2023-10-23 18:54:03 INFO     core.bot Shutting down...
2023-10-23 18:54:11 INFO     core.bot Booting up...
2023-10-23 18:54:12 INFO     core.bot Loaded extension: developer
2023-10-23 18:54:12 ERROR    core.bot Failed to load extension events: Extension 'cogs.events' has no 'setup' function.
2023-10-23 18:54:13 INFO     core.bot Loaded extension: meta
2023-10-23 18:54:18 INFO     core.bot Logged in as Krypton#6947
2023-10-23 18:55:02 INFO     core.bot Shutting down...
2023-10-23 18:55:07 INFO     core.bot Booting up...
2023-10-23 18:55:09 INFO     core.bot Loaded extension: developer
2023-10-23 18:55:09 ERROR    core.bot Failed to load extension events: Extension 'cogs.events' has no 'setup' function.
2023-10-23 18:55:09 INFO     core.bot Loaded extension: meta
2023-10-23 18:55:14 INFO     core.bot Logged in as Krypton#6947
2023-10-23 18:56:19 INFO     core.bot Shutting down...
2023-10-23 18:56:25 INFO     core.bot Booting up...
2023-10-23 18:56:26 INFO     core.bot Loaded extension: developer
2023-10-23 18:56:26 ERROR    core.bot Failed to load extension events: Extension 'cogs.events' has no 'setup' function.
2023-10-23 18:56:27 INFO     core.bot Loaded extension: meta
2023-10-23 18:56:32 INFO     core.bot Logged in as Krypton#6947
2023-10-23 19:08:58 INFO     core.bot Shutting down...
2023-10-23 19:09:09 INFO     core.bot Booting up...
2023-10-23 19:09:12 INFO     core.bot Loaded extension: developer
2023-10-23 19:09:12 ERROR    core.bot Failed to load extension events: Extension 'cogs.events' has no 'setup' function.
2023-10-23 19:09:12 INFO     core.bot Loaded extension: meta
2023-10-23 19:09:16 INFO     core.bot Logged in as Krypton#6947
2023-10-23 19:11:08 INFO     core.bot Shutting down...
2023-10-23 19:11:14 INFO     core.bot Booting up...
2023-10-23 19:11:15 INFO     core.bot Loaded extension: developer
2023-10-23 19:11:15 ERROR    core.bot Failed to load extension events: Extension 'cogs.events' has no 'setup' function.
2023-10-23 19:11:16 INFO     core.bot Loaded extension: meta
2023-10-23 19:11:20 INFO     core.bot Logged in as Krypton#6947
2023-10-23 19:42:50 INFO     core.bot Shutting down...
2023-10-23 19:42:57 INFO     core.bot Booting up...
2023-10-23 19:42:58 INFO     core.bot Loaded extension: developer
2023-10-23 19:42:58 INFO     core.bot Loaded extension: events
2023-10-23 19:42:59 INFO     core.bot Loaded extension: meta
2023-10-23 19:43:03 INFO     core.bot Logged in as Krypton#6947
2023-10-23 19:44:17 INFO     core.bot Shutting down...
2023-10-23 19:44:22 INFO     core.bot Booting up...
2023-10-23 19:44:24 INFO     core.bot Loaded extension: developer
2023-10-23 19:44:24 INFO     core.bot Loaded extension: events
2023-10-23 19:44:24 INFO     core.bot Loaded extension: meta
2023-10-23 19:44:25 INFO     core.bot Synced [<AppCommand id=1166016785691197522 name='ping' type=<AppCommandType.chat_input: 1>>, <AppCommand id=1166016785691197523 name='stats' type=<AppCommandType.chat_input: 1>>] commands
2023-10-23 19:44:29 INFO     core.bot Logged in as Krypton#6947
2023-10-23 19:45:49 INFO     core.bot Shutting down...
2023-10-23 19:45:54 INFO     core.bot Booting up...
2023-10-23 19:45:57 INFO     core.bot Loaded extension: developer
2023-10-23 19:45:57 INFO     core.bot Loaded extension: events
2023-10-23 19:45:57 INFO     core.bot Loaded extension: meta
2023-10-23 19:45:58 INFO     core.bot Synced 2 commands
2023-10-23 19:46:02 INFO     core.bot Logged in as Krypton#6947
2023-10-23 19:50:11 INFO     core.bot Shutting down...
2023-10-23 19:50:19 INFO     core.bot Booting up...
2023-10-23 19:50:21 INFO     core.bot Loaded extension: developer
2023-10-23 19:50:21 INFO     core.bot Loaded extension: events
2023-10-23 19:50:22 INFO     core.bot Loaded extension: meta
2023-10-23 19:50:23 INFO     core.bot Synced 2 commands
2023-10-23 19:50:28 INFO     core.bot Logged in as Krypton#6947
2023-10-23 19:51:39 INFO     core.bot Shutting down...
2023-10-23 19:51:55 INFO     core.bot Booting up...
2023-10-23 19:51:59 INFO     core.bot Loaded extension: developer
2023-10-23 19:51:59 INFO     core.bot Loaded extension: events
2023-10-23 19:51:59 INFO     core.bot Loaded extension: meta
2023-10-23 19:52:00 INFO     core.bot Synced 2 commands
2023-10-23 19:52:04 INFO     core.bot Logged in as Krypton#6947
2023-10-23 20:37:50 INFO     core.bot Shutting down...
2023-10-24 14:21:50 INFO     core.bot Booting up...
2023-10-24 14:21:52 INFO     core.bot Loaded extension: developer
2023-10-24 14:21:52 INFO     core.bot Loaded extension: events
2023-10-24 14:21:53 INFO     core.bot Loaded extension: meta
2023-10-24 14:21:53 INFO     core.bot Synced 2 commands
2023-10-24 14:21:58 INFO     core.bot Logged in as Krypton#6947
2023-10-24 14:25:58 INFO     core.bot Shutting down...
2023-10-24 14:26:04 INFO     core.bot Booting up...
2023-10-24 14:26:05 INFO     core.bot Loaded extension: developer
2023-10-24 14:26:05 INFO     core.bot Loaded extension: events
2023-10-24 14:26:06 INFO     core.bot Loaded extension: meta
2023-10-24 14:26:06 INFO     core.bot Synced 2 commands
2023-10-24 14:26:11 INFO     core.bot Logged in as Krypton#6947
2023-10-24 14:26:56 INFO     core.bot Shutting down...
2023-10-24 14:27:01 INFO     core.bot Booting up...
2023-10-24 14:27:03 INFO     core.bot Loaded extension: developer
2023-10-24 14:27:03 INFO     core.bot Loaded extension: events
2023-10-24 14:27:03 INFO     core.bot Loaded extension: meta
2023-10-24 14:27:03 INFO     core.bot Loaded extension: jishaku
2023-10-24 14:27:04 INFO     core.bot Synced 2 commands
2023-10-24 14:27:09 INFO     core.bot Logged in as Krypton#6947
2023-10-24 14:32:42 INFO     core.bot Shutting down...
2023-10-24 14:32:50 INFO     core.bot Booting up...
2023-10-24 14:32:51 INFO     core.bot Loaded extension: developer
2023-10-24 14:32:51 INFO     core.bot Loaded extension: events
2023-10-24 14:32:51 INFO     core.bot Loaded extension: meta
2023-10-24 14:32:51 INFO     core.bot Loaded extension: jishaku
2023-10-24 14:32:52 INFO     core.bot Synced 2 commands
2023-10-24 14:32:57 INFO     core.bot Logged in as Krypton#6947
2023-10-24 15:47:26 INFO     core.bot Booting up...
2023-10-24 15:47:27 INFO     core.bot Loaded extension: developer
2023-10-24 15:47:28 INFO     core.bot Loaded extension: events
2023-10-24 15:47:28 ERROR    core.bot Failed to load extension meta: Extension 'cogs.meta' raised an error: ModuleNotFoundError: No module named 'utils.database'
2023-10-24 15:47:28 INFO     core.bot Loaded extension: jishaku
2023-10-24 15:47:28 INFO     core.bot Synced 0 commands
2023-10-24 15:47:33 INFO     core.bot Logged in as Krypton#6947
